# JRE version: Java(TM) SE Runtime Environment (7.0_40-b43) (build 1.7.0_40-b43)
# Java VM: Java HotSpot(TM) Client VM (24.0-b56 mixed mode windows-x86 )
Heap
 def new generation   total 39296K, used 39296K [0x048f0000, 0x07390000, 0x07390000)
  eden space 34944K, 100% used [0x048f0000, 0x06b10000, 0x06b10000)
  from space 4352K, 100% used [0x06f50000, 0x07390000, 0x07390000)
  to   space 4352K,   0% used [0x06b10000, 0x06b10000, 0x06f50000)
 tenured generation   total 87424K, used 87423K [0x07390000, 0x0c8f0000, 0x0c8f0000)
   the space 87424K,  99% used [0x07390000, 0x0c8efff8, 0x0c8f0000, 0x0c8f0000)
 compacting perm gen  total 12288K, used 11943K [0x0c8f0000, 0x0d4f0000, 0x108f0000)
   the space 12288K,  97% used [0x0c8f0000, 0x0d499c48, 0x0d499e00, 0x0d4f0000)
GC Heap History (10 events):
Event: 20191.082 GC heap before
{Heap before GC invocations=2159 (full 1498):
 def new generation   total 39296K, used 39296K [0x048f0000, 0x07390000, 0x07390000)
  eden space 34944K, 100% used [0x048f0000, 0x06b10000, 0x06b10000)
  from space 4352K, 100% used [0x06f50000, 0x07390000, 0x07390000)
  to   space 4352K,   0% used [0x06b10000, 0x06b10000, 0x06f50000)
 tenured generation   total 87424K, used 87424K [0x07390000, 0x0c8f0000, 0x0c8f0000)
   the space 87424K, 100% used [0x07390000, 0x0c8f0000, 0x0c8f0000, 0x0c8f0000)
 compacting perm gen  total 12288K, used 11943K [0x0c8f0000, 0x0d4f0000, 0x108f0000)
   the space 12288K,  97% used [0x0c8f0000, 0x0d499c48, 0x0d499e00, 0x0d4f0000)
No shared spaces configured.
Event: 20191.283 GC heap after
Heap after GC invocations=2160 (full 1499):
 def new generation   total 39296K, used 39295K [0x048f0000, 0x07390000, 0x07390000)
  eden space 34944K, 100% used [0x048f0000, 0x06b10000, 0x06b10000)
  from space 4352K,  99% used [0x06f50000, 0x0738ffc8, 0x07390000)
  to   space 4352K,   0% used [0x06b10000, 0x06b10000, 0x06f50000)
 tenured generation   total 87424K, used 87424K [0x07390000, 0x0c8f0000, 0x0c8f0000)
   the space 87424K, 100% used [0x07390000, 0x0c8f0000, 0x0c8f0000, 0x0c8f0000)
 compacting perm gen  total 12288K, used 11943K [0x0c8f0000, 0x0d4f0000, 0x108f0000)
   the space 12288K,  97% used [0x0c8f0000, 0x0d499c48, 0x0d499e00, 0x0d4f0000)
No shared spaces configured.
}
Event: 20191.283 GC heap before
{Heap before GC invocations=2160 (full 1499):
 def new generation   total 39296K, used 39296K [0x048f0000, 0x07390000, 0x07390000)
  eden space 34944K, 100% used [0x048f0000, 0x06b10000, 0x06b10000)
  from space 4352K, 100% used [0x06f50000, 0x07390000, 0x07390000)
  to   space 4352K,   0% used [0x06b10000, 0x06b10000, 0x06f50000)
 tenured generation   total 87424K, used 87424K [0x07390000, 0x0c8f0000, 0x0c8f0000)
   the space 87424K, 100% used [0x07390000, 0x0c8f0000, 0x0c8f0000, 0x0c8f0000)
 compacting perm gen  total 12288K, used 11943K [0x0c8f0000, 0x0d4f0000, 0x108f0000)
   the space 12288K,  97% used [0x0c8f0000, 0x0d499c48, 0x0d499e00, 0x0d4f0000)
No shared spaces configured.
Event: 20191.502 GC heap after
Heap after GC invocations=2161 (full 1500):
 def new generation   total 39296K, used 39295K [0x048f0000, 0x07390000, 0x07390000)
  eden space 34944K, 100% used [0x048f0000, 0x06b10000, 0x06b10000)
  from space 4352K,  99% used [0x06f50000, 0x0738ffc8, 0x07390000)
  to   space 4352K,   0% used [0x06b10000, 0x06b10000, 0x06f50000)
 tenured generation   total 87424K, used 87422K [0x07390000, 0x0c8f0000, 0x0c8f0000)
   the space 87424K,  99% used [0x07390000, 0x0c8efbf8, 0x0c8efc00, 0x0c8f0000)
 compacting perm gen  total 12288K, used 11943K [0x0c8f0000, 0x0d4f0000, 0x108f0000)
   the space 12288K,  97% used [0x0c8f0000, 0x0d499c48, 0x0d499e00, 0x0d4f0000)
No shared spaces configured.
}
Event: 20191.502 GC heap before
{Heap before GC invocations=2161 (full 1500):
 def new generation   total 39296K, used 39295K [0x048f0000, 0x07390000, 0x07390000)
  eden space 34944K, 100% used [0x048f0000, 0x06b10000, 0x06b10000)
  from space 4352K,  99% used [0x06f50000, 0x0738fff8, 0x07390000)
  to   space 4352K,   0% used [0x06b10000, 0x06b10000, 0x06f50000)
 tenured generation   total 87424K, used 87423K [0x07390000, 0x0c8f0000, 0x0c8f0000)
   the space 87424K,  99% used [0x07390000, 0x0c8efff0, 0x0c8f0000, 0x0c8f0000)
 compacting perm gen  total 12288K, used 11943K [0x0c8f0000, 0x0d4f0000, 0x108f0000)
   the space 12288K,  97% used [0x0c8f0000, 0x0d499c48, 0x0d499e00, 0x0d4f0000)
No shared spaces configured.
Event: 20191.721 GC heap after
Heap after GC invocations=2162 (full 1501):
 def new generation   total 39296K, used 39295K [0x048f0000, 0x07390000, 0x07390000)
  eden space 34944K, 100% used [0x048f0000, 0x06b10000, 0x06b10000)
  from space 4352K,  99% used [0x06f50000, 0x0738ffa0, 0x07390000)
  to   space 4352K,   0% used [0x06b10000, 0x06b10000, 0x06f50000)
 tenured generation   total 87424K, used 87423K [0x07390000, 0x0c8f0000, 0x0c8f0000)
   the space 87424K,  99% used [0x07390000, 0x0c8efff0, 0x0c8f0000, 0x0c8f0000)
 compacting perm gen  total 12288K, used 11943K [0x0c8f0000, 0x0d4f0000, 0x108f0000)
   the space 12288K,  97% used [0x0c8f0000, 0x0d499c48, 0x0d499e00, 0x0d4f0000)
No shared spaces configured.
}
Event: 20191.722 GC heap before
{Heap before GC invocations=2162 (full 1501):
 def new generation   total 39296K, used 39295K [0x048f0000, 0x07390000, 0x07390000)
  eden space 34944K, 100% used [0x048f0000, 0x06b10000, 0x06b10000)
  from space 4352K,  99% used [0x06f50000, 0x0738ffb8, 0x07390000)
  to   space 4352K,   0% used [0x06b10000, 0x06b10000, 0x06f50000)
 tenured generation   total 87424K, used 87423K [0x07390000, 0x0c8f0000, 0x0c8f0000)
   the space 87424K,  99% used [0x07390000, 0x0c8efff0, 0x0c8f0000, 0x0c8f0000)
 compacting perm gen  total 12288K, used 11943K [0x0c8f0000, 0x0d4f0000, 0x108f0000)
   the space 12288K,  97% used [0x0c8f0000, 0x0d499c48, 0x0d499e00, 0x0d4f0000)
No shared spaces configured.
Event: 20191.909 GC heap after
Heap after GC invocations=2163 (full 1502):
 def new generation   total 39296K, used 39295K [0x048f0000, 0x07390000, 0x07390000)
  eden space 34944K, 100% used [0x048f0000, 0x06b10000, 0x06b10000)
  from space 4352K,  99% used [0x06f50000, 0x0738ff98, 0x07390000)
  to   space 4352K,   0% used [0x06b10000, 0x06b10000, 0x06f50000)
 tenured generation   total 87424K, used 87423K [0x07390000, 0x0c8f0000, 0x0c8f0000)
   the space 87424K,  99% used [0x07390000, 0x0c8efff0, 0x0c8f0000, 0x0c8f0000)
 compacting perm gen  total 12288K, used 11943K [0x0c8f0000, 0x0d4f0000, 0x108f0000)
   the space 12288K,  97% used [0x0c8f0000, 0x0d499c48, 0x0d499e00, 0x0d4f0000)
No shared spaces configured.
}
Event: 20191.909 GC heap before
{Heap before GC invocations=2163 (full 1502):
 def new generation   total 39296K, used 39295K [0x048f0000, 0x07390000, 0x07390000)
  eden space 34944K, 100% used [0x048f0000, 0x06b10000, 0x06b10000)
  from space 4352K,  99% used [0x06f50000, 0x0738ff98, 0x07390000)
  to   space 4352K,   0% used [0x06b10000, 0x06b10000, 0x06f50000)
 tenured generation   total 87424K, used 87423K [0x07390000, 0x0c8f0000, 0x0c8f0000)
   the space 87424K,  99% used [0x07390000, 0x0c8efff0, 0x0c8f0000, 0x0c8f0000)
 compacting perm gen  total 12288K, used 11943K [0x0c8f0000, 0x0d4f0000, 0x108f0000)
   the space 12288K,  97% used [0x0c8f0000, 0x0d499c48, 0x0d499e00, 0x0d4f0000)
No shared spaces configured.
Event: 20192.100 GC heap after
Heap after GC invocations=2164 (full 1503):
 def new generation   total 39296K, used 39295K [0x048f0000, 0x07390000, 0x07390000)
  eden space 34944K, 100% used [0x048f0000, 0x06b10000, 0x06b10000)
  from space 4352K,  99% used [0x06f50000, 0x0738ff98, 0x07390000)
  to   space 4352K,   0% used [0x06b10000, 0x06b10000, 0x06f50000)
 tenured generation   total 87424K, used 87423K [0x07390000, 0x0c8f0000, 0x0c8f0000)
   the space 87424K,  99% used [0x07390000, 0x0c8efe08, 0x0c8f0000, 0x0c8f0000)
 compacting perm gen  total 12288K, used 11943K [0x0c8f0000, 0x0d4f0000, 0x108f0000)
   the space 12288K,  97% used [0x0c8f0000, 0x0d499c48, 0x0d499e00, 0x0d4f0000)
No shared spaces configured.
}

